\BOOKMARK [0][-]{dummy.1}{\376\377\000R\000e\000s\000u\000m\000e\000n}{}% 1
\BOOKMARK [0][-]{dummy.2}{\376\377\000A\000g\000r\000a\000d\000e\000c\000i\000m\000i\000e\000n\000t\000o\000s}{}% 2
\BOOKMARK [0][-]{dummy.4}{\376\377\000Í\000n\000d\000i\000c\000e\000\040\000d\000e\000\040\000F\000i\000g\000u\000r\000a\000s}{}% 3
\BOOKMARK [0][-]{dummy.6}{\376\377\000Í\000n\000d\000i\000c\000e\000\040\000d\000e\000\040\000C\000u\000a\000d\000r\000o\000s}{}% 4
\BOOKMARK [0][-]{dummy.8}{\376\377\000A\000b\000r\000e\000v\000i\000a\000c\000i\000o\000n\000e\000s}{}% 5
\BOOKMARK [0][-]{chapter.11}{\376\377\0001\000\040\000I\000n\000t\000r\000o\000d\000u\000c\000c\000i\000\363\000n}{}% 6
\BOOKMARK [1][-]{section.12}{\376\377\0001\000.\0001\000\040\000D\000a\000t\000o\000s\000\040\000A\000b\000i\000e\000r\000t\000o\000s\000\040\000d\000e\000\040\000G\000o\000b\000i\000e\000r\000n\000o}{chapter.11}% 7
\BOOKMARK [0][-]{chapter.13}{\376\377\0002\000\040\000D\000e\000s\000c\000r\000i\000p\000c\000i\000\363\000n\000\040\000d\000e\000l\000\040\000P\000r\000o\000b\000l\000e\000m\000a}{}% 8
\BOOKMARK [0][-]{chapter.14}{\376\377\0003\000\040\000D\000e\000f\000i\000n\000i\000c\000i\000\363\000n\000\040\000d\000e\000l\000\040\000P\000r\000o\000b\000l\000e\000m\000a}{}% 9
\BOOKMARK [0][-]{chapter.15}{\376\377\0004\000\040\000P\000r\000e\000g\000u\000n\000t\000a\000\040\000d\000e\000\040\000I\000n\000v\000e\000s\000t\000i\000g\000a\000c\000i\000\363\000n}{}% 10
\BOOKMARK [0][-]{chapter.16}{\376\377\0005\000\040\000O\000b\000j\000e\000t\000i\000v\000o\000s\000\040\000d\000e\000\040\000l\000a\000\040\000I\000n\000v\000e\000s\000t\000i\000g\000a\000c\000i\000\363\000n}{}% 11
\BOOKMARK [1][-]{section.17}{\376\377\0005\000.\0001\000\040\000O\000b\000j\000e\000t\000i\000v\000o\000\040\000G\000e\000n\000e\000r\000a\000l}{chapter.16}% 12
\BOOKMARK [1][-]{section.18}{\376\377\0005\000.\0002\000\040\000O\000b\000j\000e\000t\000i\000v\000o\000s\000\040\000P\000a\000r\000t\000i\000c\000u\000l\000a\000r\000e\000s}{chapter.16}% 13
\BOOKMARK [0][-]{chapter.22}{\376\377\0006\000\040\000R\000e\000s\000u\000l\000t\000a\000d\000o\000s\000\040\000E\000s\000p\000e\000r\000a\000d\000o\000s}{}% 14
\BOOKMARK [0][-]{chapter.23}{\376\377\0007\000\040\000D\000e\000l\000i\000m\000i\000t\000a\000c\000i\000\363\000n\000\040\000d\000e\000\040\000l\000a\000\040\000I\000n\000v\000e\000s\000t\000i\000g\000a\000c\000i\000\363\000n}{}% 15
\BOOKMARK [0][-]{chapter.24}{\376\377\0008\000\040\000J\000u\000s\000t\000i\000f\000i\000c\000a\000c\000i\000\363\000n}{}% 16
\BOOKMARK [0][-]{chapter.26}{\376\377\0009\000\040\000B\000a\000s\000e\000s\000\040\000T\000e\000\363\000r\000i\000c\000a\000s}{}% 17
\BOOKMARK [1][-]{section.27}{\376\377\0009\000.\0001\000\040\000M\000a\000r\000c\000o\000\040\000H\000i\000s\000t\000o\000r\000i\000c\000o\000\040\000y\000\040\000C\000o\000n\000t\000e\000x\000t\000u\000a\000l}{chapter.26}% 18
\BOOKMARK [1][-]{section.29}{\376\377\0009\000.\0002\000\040\000M\000a\000r\000c\000o\000\040\000R\000e\000f\000e\000r\000e\000n\000c\000i\000a\000l}{chapter.26}% 19
\BOOKMARK [1][-]{section.40}{\376\377\0009\000.\0003\000\040\000T\000\351\000r\000m\000i\000n\000o\000s\000\040\000B\000\341\000s\000i\000c\000o\000s}{chapter.26}% 20
\BOOKMARK [0][-]{chapter.41}{\376\377\0001\0000\000\040\000P\000r\000o\000p\000u\000e\000s\000t\000a\000\040\000d\000e\000\040\000S\000o\000l\000u\000c\000i\000\363\000n}{}% 21
\BOOKMARK [1][-]{section.42}{\376\377\0001\0000\000.\0001\000\040\000S\000e\000l\000e\000c\000c\000i\000\363\000n\000\040\000d\000e\000\040\000u\000n\000\040\000C\000o\000n\000j\000u\000n\000t\000o\000\040\000d\000e\000\040\000D\000a\000t\000o\000s}{chapter.41}% 22
\BOOKMARK [1][-]{section.46}{\376\377\0001\0000\000.\0002\000\040\000R\000e\000c\000u\000p\000e\000r\000a\000c\000i\000\363\000n\000\040\000d\000e\000\040\000d\000a\000t\000o\000s\000\040\000u\000s\000a\000n\000d\000o\000\040\000l\000a\000\040\000A\000P\000I\000\040\000d\000e\000\040\000C\000K\000A\000N}{chapter.41}% 23
\BOOKMARK [1][-]{section.59}{\376\377\0001\0000\000.\0003\000\040\000A\000r\000q\000u\000i\000t\000e\000c\000t\000u\000r\000a\000\040\000d\000e\000\040\000l\000a\000\040\000A\000p\000l\000i\000c\000a\000c\000i\000\363\000n}{chapter.41}% 24
\BOOKMARK [0][-]{chapter.61}{\376\377\0001\0001\000\040\000I\000m\000p\000l\000e\000m\000e\000n\000t\000a\000c\000i\000\363\000n\000\040\000d\000e\000\040\000l\000a\000\040\000S\000o\000l\000u\000c\000i\000\363\000n}{}% 25
\BOOKMARK [1][-]{section.62}{\376\377\0001\0001\000.\0001\000\040\000C\000o\000n\000f\000i\000g\000u\000r\000a\000c\000i\000\363\000n\000\040\000d\000e\000\040\000A\000m\000b\000i\000e\000n\000t\000e}{chapter.61}% 26
\BOOKMARK [2][-]{subsection.63}{\376\377\0001\0001\000.\0001\000.\0001\000\040\000I\000n\000s\000t\000a\000l\000a\000c\000i\000\363\000n\000\040\000d\000e\000\040\000L\000u\000c\000e\000n\000e}{section.62}% 27
\BOOKMARK [2][-]{subsection.67}{\376\377\0001\0001\000.\0001\000.\0002\000\040\000I\000n\000s\000t\000a\000l\000a\000c\000i\000\363\000n\000\040\000d\000e\000l\000\040\000m\000\363\000d\000u\000l\000o\000\040\000d\000e\000\040\000P\000y\000t\000h\000o\000n\000\040\000p\000a\000r\000a\000\040\000a\000c\000c\000e\000d\000e\000r\000\040\000l\000a\000\040\000A\000P\000I\000\040\000d\000e\000\040\000C\000K\000A\000N}{section.62}% 28
\BOOKMARK [1][-]{section.72}{\376\377\0001\0001\000.\0002\000\040\000D\000e\000t\000a\000l\000l\000e\000s\000\040\000T\000\351\000c\000n\000i\000c\000o\000s}{chapter.61}% 29
\BOOKMARK [2][-]{subsection.73}{\376\377\0001\0001\000.\0002\000.\0001\000\040\000A\000d\000q\000u\000i\000r\000i\000r\000\040\000C\000o\000n\000t\000e\000n\000i\000d\000o}{section.72}% 30
\BOOKMARK [2][-]{subsection.79}{\376\377\0001\0001\000.\0002\000.\0002\000\040\000C\000o\000n\000s\000t\000r\000u\000i\000r\000\040\000D\000o\000c\000u\000m\000e\000n\000t\000o\000s}{section.72}% 31
\BOOKMARK [2][-]{subsection.80}{\376\377\0001\0001\000.\0002\000.\0003\000\040\000A\000n\000a\000l\000i\000z\000a\000r\000\040\000l\000o\000s\000\040\000D\000o\000c\000u\000m\000e\000n\000t\000o\000s}{section.72}% 32
\BOOKMARK [2][-]{subsection.81}{\376\377\0001\0001\000.\0002\000.\0004\000\040\000I\000n\000d\000e\000x\000a\000r\000\040\000l\000o\000s\000\040\000D\000o\000c\000u\000m\000e\000n\000t\000o\000s}{section.72}% 33
\BOOKMARK [2][-]{subsection.82}{\376\377\0001\0001\000.\0002\000.\0005\000\040\000C\000o\000n\000s\000t\000r\000u\000i\000r\000\040\000C\000o\000n\000s\000u\000l\000t\000a}{section.72}% 34
\BOOKMARK [2][-]{subsection.83}{\376\377\0001\0001\000.\0002\000.\0006\000\040\000E\000j\000e\000c\000u\000t\000a\000r\000\040\000C\000o\000n\000s\000u\000l\000t\000a}{section.72}% 35
\BOOKMARK [2][-]{subsection.84}{\376\377\0001\0001\000.\0002\000.\0007\000\040\000M\000o\000s\000t\000r\000a\000r\000\040\000R\000e\000s\000u\000l\000t\000a\000d\000o\000s}{section.72}% 36
\BOOKMARK [0][-]{chapter.85}{\376\377\0001\0002\000\040\000R\000e\000s\000u\000l\000t\000a\000d\000o\000s\000\040\000O\000b\000t\000e\000n\000i\000d\000o\000s}{}% 37
\BOOKMARK [0][-]{appendix.86}{\376\377\000A\000\040\000A\000n\000e\000x\000o\000\040\000-\000\040\000R\000e\000s\000u\000m\000e\000n\000\040\000d\000e\000\040\000f\000o\000r\000m\000a\000t\000o\000s\000\040\000d\000e\000\040\000a\000r\000c\000h\000i\000v\000o\000s\000\040\000m\000\341\000s\000\040\000c\000o\000m\000u\000n\000e\000s}{}% 38
\BOOKMARK [0][-]{appendix.87}{\376\377\000B\000\040\000A\000n\000e\000x\000o\000\040\000-\000\040\000E\000j\000e\000m\000p\000l\000o\000s\000\040\000d\000e\000\040\000i\000m\000p\000l\000e\000m\000e\000n\000t\000a\000c\000i\000o\000n\000e\000s\000\040\000C\000K\000A\000N\000\040\000e\000n\000\040\000e\000l\000\040\000m\000u\000n\000d\000o}{}% 39
\BOOKMARK [0][-]{appendix.98}{\376\377\000C\000\040\000C\000a\000l\000e\000n\000d\000a\000r\000i\000o\000\040\000d\000e\000\040\000A\000c\000t\000i\000v\000i\000d\000a\000d\000e\000s}{}% 40
\BOOKMARK [0][-]{dummy.99}{\376\377\000B\000i\000b\000l\000i\000o\000g\000r\000a\000f\000\355\000a}{}% 41
